<?xml version="1.0" encoding="UTF-8"?>
<!-- Generated by org.testng.reporters.JUnitXMLReporter -->
<testsuite ignored="0" hostname="DESKTOP-7J8M9JT" failures="0" tests="9" name="Default test" time="43.712" errors="0" timestamp="2023-08-09T13:12:35 IST">
  <testcase classname="velan.Velan4" name="ExcelDatas" time="0.034"/>
  <testcase classname="velan.Velan4" name="Login" time="5.399"/>
  <testcase classname="velan.Velan4" name="AdmissionManageMent" time="2.066"/>
  <testcase classname="velan.Velan4" name="AdmissionEnq" time="2.137"/>
  <testcase classname="velan.Velan4" name="CreatAdmission" time="2.193"/>
  <testcase classname="velan.Velan4" name="StdInfo" time="15.992"/>
  <testcase classname="velan.Velan4" name="FamilyDetails" time="8.772"/>
  <testcase classname="velan.Velan4" name="Sibilings" time="6.992"/>
  <testcase classname="velan.Velan4" name="Declaration" time="0.064"/>
</testsuite> <!-- Default test -->
