<?xml version="1.0" encoding="UTF-8"?>
<testng-results ignored="0" total="9" passed="9" failed="0" skipped="0">
  <reporter-output>
  </reporter-output>
  <suite started-at="2023-08-09T13:11:52 IST" name="Default suite" finished-at="2023-08-09T13:12:35 IST" duration-ms="43712">
    <groups>
    </groups>
    <test started-at="2023-08-09T13:11:52 IST" name="Default test" finished-at="2023-08-09T13:12:35 IST" duration-ms="43712">
      <class name="velan.Velan4">
        <test-method is-config="true" signature="beforeClass()[pri:0, instance:velan.Velan4@290222c1]" started-at="2023-08-09T13:11:48 IST" name="beforeClass" finished-at="2023-08-09T13:11:52 IST" duration-ms="4086" status="PASS">
          <reporter-output>
          </reporter-output>
        </test-method> <!-- beforeClass -->
        <test-method signature="ExcelDatas()[pri:0, instance:velan.Velan4@290222c1]" started-at="2023-08-09T13:11:52 IST" name="ExcelDatas" finished-at="2023-08-09T13:11:52 IST" duration-ms="34" status="PASS">
          <reporter-output>
          </reporter-output>
        </test-method> <!-- ExcelDatas -->
        <test-method signature="Login()[pri:1, instance:velan.Velan4@290222c1]" started-at="2023-08-09T13:11:52 IST" name="Login" finished-at="2023-08-09T13:11:57 IST" duration-ms="5399" status="PASS">
          <reporter-output>
          </reporter-output>
        </test-method> <!-- Login -->
        <test-method signature="AdmissionManageMent()[pri:2, instance:velan.Velan4@290222c1]" started-at="2023-08-09T13:11:57 IST" name="AdmissionManageMent" finished-at="2023-08-09T13:11:59 IST" duration-ms="2066" status="PASS">
          <reporter-output>
          </reporter-output>
        </test-method> <!-- AdmissionManageMent -->
        <test-method signature="AdmissionEnq()[pri:3, instance:velan.Velan4@290222c1]" started-at="2023-08-09T13:11:59 IST" name="AdmissionEnq" finished-at="2023-08-09T13:12:01 IST" duration-ms="2137" status="PASS">
          <reporter-output>
          </reporter-output>
        </test-method> <!-- AdmissionEnq -->
        <test-method signature="CreatAdmission()[pri:4, instance:velan.Velan4@290222c1]" started-at="2023-08-09T13:12:01 IST" name="CreatAdmission" finished-at="2023-08-09T13:12:04 IST" duration-ms="2193" status="PASS">
          <reporter-output>
          </reporter-output>
        </test-method> <!-- CreatAdmission -->
        <test-method signature="StdInfo()[pri:5, instance:velan.Velan4@290222c1]" started-at="2023-08-09T13:12:04 IST" name="StdInfo" finished-at="2023-08-09T13:12:20 IST" duration-ms="15992" status="PASS">
          <reporter-output>
          </reporter-output>
        </test-method> <!-- StdInfo -->
        <test-method signature="FamilyDetails()[pri:6, instance:velan.Velan4@290222c1]" started-at="2023-08-09T13:12:20 IST" name="FamilyDetails" finished-at="2023-08-09T13:12:28 IST" duration-ms="8772" status="PASS">
          <reporter-output>
          </reporter-output>
        </test-method> <!-- FamilyDetails -->
        <test-method signature="Sibilings()[pri:7, instance:velan.Velan4@290222c1]" started-at="2023-08-09T13:12:28 IST" name="Sibilings" finished-at="2023-08-09T13:12:35 IST" duration-ms="6992" status="PASS">
          <reporter-output>
          </reporter-output>
        </test-method> <!-- Sibilings -->
        <test-method signature="Declaration()[pri:8, instance:velan.Velan4@290222c1]" started-at="2023-08-09T13:12:35 IST" name="Declaration" finished-at="2023-08-09T13:12:35 IST" duration-ms="64" status="PASS">
          <reporter-output>
          </reporter-output>
        </test-method> <!-- Declaration -->
        <test-method is-config="true" signature="afterClass()[pri:0, instance:velan.Velan4@290222c1]" started-at="2023-08-09T13:12:35 IST" name="afterClass" finished-at="2023-08-09T13:12:36 IST" duration-ms="309" status="PASS">
          <reporter-output>
          </reporter-output>
        </test-method> <!-- afterClass -->
      </class> <!-- velan.Velan4 -->
    </test> <!-- Default test -->
  </suite> <!-- Default suite -->
</testng-results>
